Build started 8/5/2021 10:53:23 AM.
     1>Project "C:\Users\ACER\Desktop\Sky-Garden\Sky-Garden\skygarden\skygarden\skygarden.vcxproj" on node 2 (build target(s)).
     1>InitializeBuildStatus:
         Creating "Debug\skygarden.unsuccessfulbuild" because "AlwaysCreate" was specified.
       ClCompile:
         All outputs are up-to-date.
       ManifestResourceCompile:
         All outputs are up-to-date.
       Link:
         c:\Program Files (x86)\Microsoft Visual Studio 10.0\VC\bin\link.exe /ERRORREPORT:PROMPT /OUT:"C:\Users\ACER\Desktop\Sky-Garden\Sky-Garden\skygarden\Debug\skygarden.exe" /INCREMENTAL /NOLOGO kernel32.lib user32.lib gdi32.lib winspool.lib comdlg32.lib advapi32.lib shell32.lib ole32.lib oleaut32.lib uuid.lib odbc32.lib odbccp32.lib /MANIFEST /ManifestFile:"Debug\skygarden.exe.intermediate.manifest" /MANIFESTUAC:"level='asInvoker' uiAccess='false'" /DEBUG /PDB:"C:\Users\ACER\Desktop\Sky-Garden\Sky-Garden\skygarden\Debug\skygarden.pdb" /SUBSYSTEM:CONSOLE /TLBID:1 /DYNAMICBASE /NXCOMPAT /IMPLIB:"C:\Users\ACER\Desktop\Sky-Garden\Sky-Garden\skygarden\Debug\skygarden.lib" /MACHINE:X86 Debug\skygarden.exe.embed.manifest.res
         Debug\sky_garden_main.obj
       Manifest:
         c:\Program Files (x86)\Microsoft SDKs\Windows\v7.0A\bin\mt.exe /nologo /verbose /out:"Debug\skygarden.exe.embed.manifest" /manifest Debug\skygarden.exe.intermediate.manifest
         All outputs are up-to-date.
       LinkEmbedManifest:
         All outputs are up-to-date.
         skygarden.vcxproj -> C:\Users\ACER\Desktop\Sky-Garden\Sky-Garden\skygarden\Debug\skygarden.exe
       FinalizeBuildStatus:
         Deleting file "Debug\skygarden.unsuccessfulbuild".
         Touching "Debug\skygarden.lastbuildstate".
     1>Done Building Project "C:\Users\ACER\Desktop\Sky-Garden\Sky-Garden\skygarden\skygarden\skygarden.vcxproj" (build target(s)).

Build succeeded.

Time Elapsed 00:00:00.29
